#--------------------------- (2017-10-17 11:08:26) ----------------------------#
[Request Service #110826419]
    'CreatePLMTempTableData' begin at 11:08:26.419

[Request Message #110826419]
<Request>
  <Access>
    <Authentication user="tiptop" password=""></Authentication>
    <Connection application="PLM" source="10.0.2.8"></Connection>
    <Organization name="SHXK_STE"></Organization>
    <Locale language="zh_cn"></Locale>
  </Access>
  <RequestContent>
    <Parameter>
      <Record>
        <Field name="ws_name" value="CreateItemMasterData"></Field>
        <Field name="datakey" value="2087651937030753001"></Field>
        <Field name="tot_cnt" value="1"></Field>
        <Field name="sub_cnt" value="1"></Field>
        <Field name="status" value="Y"></Field>
      </Record>
    </Parameter>
    <Document>
      <RecordSet id="1">
        <Master name="ima_file">
          <Record>
            <Field name="ima01" value="9910-8000-1202"></Field>
            <Field name="ima02" value="CACU主处理器模块"></Field>
            <Field name="ima06" value="99XX"></Field>
            <Field name="ima021" value=""></Field>
            <Field name="ima25" value="PCS"></Field>
            <Field name="imaud02" value="GZL3"></Field>
            <Field name="ima08" value="M"></Field>
            <Field name="ima37" value="2"></Field>
            <Field name="ima921" value="N"></Field>
            <Field name="ima70" value="N"></Field>
          </Record>
        </Master>
      </RecordSet>
    </Document>
    <ParameterGroup>
      <Record>
        <Field name="seqkey" value="2087651937030753"></Field>
        <Field name="seq_tot_cnt" value="1"></Field>
        <Field name="seq_sub_cnt" value="1"></Field>
      </Record>
    </ParameterGroup>
  </RequestContent>
</Request>



[Response Service #110826419]
    'CreatePLMTempTableData' end at 11:08:26.777

[Response Message #110826419]
<Response>
  <Execution>
    <Status code="0" sqlcode="0" description=""/>
  </Execution>
  <ResponseContent>
    <Parameter/>
    <Document/>
  </ResponseContent>
</Response>
#------------------------------------------------------------------------------#


#--------------------------- (2017-10-17 11:08:27) ----------------------------#
[Request Service #110827444]
    'CreatePLMTempTableData' begin at 11:08:27.444

[Request Message #110827444]
<Request>
  <Access>
    <Authentication user="tiptop" password=""></Authentication>
    <Connection application="PLM" source="10.0.2.8"></Connection>
    <Organization name="SHXK"></Organization>
    <Locale language="zh_cn"></Locale>
  </Access>
  <RequestContent>
    <Parameter>
      <Record>
        <Field name="ws_name" value="CreateItemMasterData"></Field>
        <Field name="datakey" value="2087651930793089001"></Field>
        <Field name="tot_cnt" value="1"></Field>
        <Field name="sub_cnt" value="1"></Field>
        <Field name="status" value="Y"></Field>
      </Record>
    </Parameter>
    <Document>
      <RecordSet id="1">
        <Master name="ima_file">
          <Record>
            <Field name="ima01" value="9910-8000-1202"></Field>
            <Field name="ima02" value="CACU主处理器模块"></Field>
            <Field name="ima06" value="99XX"></Field>
            <Field name="ima021" value=""></Field>
            <Field name="ima25" value="PCS"></Field>
            <Field name="imaud02" value="GZL3"></Field>
            <Field name="ima08" value="M"></Field>
            <Field name="ima37" value="2"></Field>
            <Field name="ima921" value="N"></Field>
            <Field name="ima70" value="N"></Field>
          </Record>
        </Master>
      </RecordSet>
    </Document>
    <ParameterGroup>
      <Record>
        <Field name="seqkey" value="2087651930793089"></Field>
        <Field name="seq_tot_cnt" value="1"></Field>
        <Field name="seq_sub_cnt" value="1"></Field>
      </Record>
    </ParameterGroup>
  </RequestContent>
</Request>



[Response Service #110827444]
    'CreatePLMTempTableData' end at 11:08:27.798

[Response Message #110827444]
<Response>
  <Execution>
    <Status code="0" sqlcode="0" description=""/>
  </Execution>
  <ResponseContent>
    <Parameter/>
    <Document/>
  </ResponseContent>
</Response>
#------------------------------------------------------------------------------#


#--------------------------- (2017-10-17 11:08:27) ----------------------------#
[Request Service #110827936]
    '' begin at 11:08:27.936

[Request Message #110827936]
<Request>
  <Access>
    <Authentication user="tiptop" password=""/>
    <Connection application="PLM" source="10.0.2.8"/>
    <Organization name="SHXK_STE"/>
    <Locale language="zh_cn"/>
  </Access>
  <RequestContent>
    <Parameter>
      <Record>
        <Field name="ws_name" value="CreateItemMasterData"/>
        <Field name="datakey" value="2087651937030753001"/>
        <Field name="tot_cnt" value="1"/>
        <Field name="sub_cnt" value="1"/>
        <Field name="status" value="Y"/>
      </Record>
    </Parameter>
    <Document>
      <RecordSet id="1">
        <Master name="ima_file">
          <Record>
            <Field name="ima01" value="9910-8000-1202"/>
            <Field name="ima02" value="CACU主处理器模块"/>
            <Field name="ima06" value="99XX"/>
            <Field name="ima021" value=""/>
            <Field name="ima25" value="PCS"/>
            <Field name="imaud02" value="GZL3"/>
            <Field name="ima08" value="M"/>
            <Field name="ima37" value="2"/>
            <Field name="ima921" value="N"/>
            <Field name="ima70" value="N"/>
          </Record>
        </Master>
      </RecordSet>
    </Document>
    <ParameterGroup>
      <Record>
        <Field name="seqkey" value="2087651937030753"/>
        <Field name="seq_tot_cnt" value="1"/>
        <Field name="seq_sub_cnt" value="1"/>
      </Record>
    </ParameterGroup>
  </RequestContent>
</Request>


[Response Service #110827936]
    '' end at 11:08:27.954

[Response Message #110827936]
<Response>
  <Execution>
    <Status code="aws-624" sqlcode="0" description="傳入的DataKey不存在於暫存資料表(wcf_file) ，請確認!"/>
  </Execution>
  <ResponseContent>
    <Parameter/>
    <Document/>
  </ResponseContent>
</Response>
#------------------------------------------------------------------------------#


#--------------------------- (2017-10-17 11:08:29) ----------------------------#
[Request Service #110829041]
    '' begin at 11:08:29.041

[Request Message #110829041]
<Request>
  <Access>
    <Authentication user="tiptop" password=""/>
    <Connection application="PLM" source="10.0.2.8"/>
    <Organization name="SHXK"/>
    <Locale language="zh_cn"/>
  </Access>
  <RequestContent>
    <Parameter>
      <Record>
        <Field name="ws_name" value="CreateItemMasterData"/>
        <Field name="datakey" value="2087651930793089001"/>
        <Field name="tot_cnt" value="1"/>
        <Field name="sub_cnt" value="1"/>
        <Field name="status" value="Y"/>
      </Record>
    </Parameter>
    <Document>
      <RecordSet id="1">
        <Master name="ima_file">
          <Record>
            <Field name="ima01" value="9910-8000-1202"/>
            <Field name="ima02" value="CACU主处理器模块"/>
            <Field name="ima06" value="99XX"/>
            <Field name="ima021" value=""/>
            <Field name="ima25" value="PCS"/>
            <Field name="imaud02" value="GZL3"/>
            <Field name="ima08" value="M"/>
            <Field name="ima37" value="2"/>
            <Field name="ima921" value="N"/>
            <Field name="ima70" value="N"/>
          </Record>
        </Master>
      </RecordSet>
    </Document>
    <ParameterGroup>
      <Record>
        <Field name="seqkey" value="2087651930793089"/>
        <Field name="seq_tot_cnt" value="1"/>
        <Field name="seq_sub_cnt" value="1"/>
      </Record>
    </ParameterGroup>
  </RequestContent>
</Request>


[Response Service #110829041]
    '' end at 11:08:29.056

[Response Message #110829041]
<Response>
  <Execution>
    <Status code="aws-624" sqlcode="0" description="傳入的DataKey不存在於暫存資料表(wcf_file) ，請確認!"/>
  </Execution>
  <ResponseContent>
    <Parameter/>
    <Document/>
  </ResponseContent>
</Response>
#------------------------------------------------------------------------------#


#--------------------------- (2017-10-17 11:08:58) ----------------------------#
[Request Service #110858679]
    'CreatePLMTempTableData' begin at 11:08:58.679

[Request Message #110858679]
<Request>
  <Access>
    <Authentication user="tiptop" password=""></Authentication>
    <Connection application="PLM" source="10.0.2.8"></Connection>
    <Organization name="SHXK"></Organization>
    <Locale language="zh_cn"></Locale>
  </Access>
  <RequestContent>
    <Parameter>
      <Record>
        <Field name="ws_name" value="CreateItemMasterData"></Field>
        <Field name="datakey" value="2087693147425929001"></Field>
        <Field name="tot_cnt" value="1"></Field>
        <Field name="sub_cnt" value="1"></Field>
        <Field name="status" value="Y"></Field>
      </Record>
    </Parameter>
    <Document>
      <RecordSet id="1">
        <Master name="ima_file">
          <Record>
            <Field name="ima01" value="9910-8000-1204"></Field>
            <Field name="ima02" value="CACU多功能接口模块"></Field>
            <Field name="ima06" value="99XX"></Field>
            <Field name="ima021" value=""></Field>
            <Field name="ima25" value="PCS"></Field>
            <Field name="imaud02" value="GZL3"></Field>
            <Field name="ima08" value="M"></Field>
            <Field name="ima37" value="2"></Field>
            <Field name="ima921" value="N"></Field>
            <Field name="ima70" value="N"></Field>
          </Record>
        </Master>
      </RecordSet>
    </Document>
    <ParameterGroup>
      <Record>
        <Field name="seqkey" value="2087693147425929"></Field>
        <Field name="seq_tot_cnt" value="1"></Field>
        <Field name="seq_sub_cnt" value="1"></Field>
      </Record>
    </ParameterGroup>
  </RequestContent>
</Request>



[Response Service #110858679]
    'CreatePLMTempTableData' end at 11:08:59.019

[Response Message #110858679]
<Response>
  <Execution>
    <Status code="0" sqlcode="0" description=""/>
  </Execution>
  <ResponseContent>
    <Parameter/>
    <Document/>
  </ResponseContent>
</Response>
#------------------------------------------------------------------------------#


#--------------------------- (2017-10-17 11:08:59) ----------------------------#
[Request Service #110859839]
    'CreatePLMTempTableData' begin at 11:08:59.839

[Request Message #110859839]
<Request>
  <Access>
    <Authentication user="tiptop" password=""></Authentication>
    <Connection application="PLM" source="10.0.2.8"></Connection>
    <Organization name="SHXK_STE"></Organization>
    <Locale language="zh_cn"></Locale>
  </Access>
  <RequestContent>
    <Parameter>
      <Record>
        <Field name="ws_name" value="CreateItemMasterData"></Field>
        <Field name="datakey" value="2087693153877657001"></Field>
        <Field name="tot_cnt" value="1"></Field>
        <Field name="sub_cnt" value="1"></Field>
        <Field name="status" value="Y"></Field>
      </Record>
    </Parameter>
    <Document>
      <RecordSet id="1">
        <Master name="ima_file">
          <Record>
            <Field name="ima01" value="9910-8000-1204"></Field>
            <Field name="ima02" value="CACU多功能接口模块"></Field>
            <Field name="ima06" value="99XX"></Field>
            <Field name="ima021" value=""></Field>
            <Field name="ima25" value="PCS"></Field>
            <Field name="imaud02" value="GZL3"></Field>
            <Field name="ima08" value="M"></Field>
            <Field name="ima37" value="2"></Field>
            <Field name="ima921" value="N"></Field>
            <Field name="ima70" value="N"></Field>
          </Record>
        </Master>
      </RecordSet>
    </Document>
    <ParameterGroup>
      <Record>
        <Field name="seqkey" value="2087693153877657"></Field>
        <Field name="seq_tot_cnt" value="1"></Field>
        <Field name="seq_sub_cnt" value="1"></Field>
      </Record>
    </ParameterGroup>
  </RequestContent>
</Request>



[Response Service #110859839]
    'CreatePLMTempTableData' end at 11:09:00.005

[Response Message #110859839]
<Response>
  <Execution>
    <Status code="0" sqlcode="0" description=""/>
  </Execution>
  <ResponseContent>
    <Parameter/>
    <Document/>
  </ResponseContent>
</Response>
#------------------------------------------------------------------------------#


#--------------------------- (2017-10-17 11:09:00) ----------------------------#
[Request Service #110900447]
    '' begin at 11:09:00.447

[Request Message #110900447]
<Request>
  <Access>
    <Authentication user="tiptop" password=""/>
    <Connection application="PLM" source="10.0.2.8"/>
    <Organization name="SHXK"/>
    <Locale language="zh_cn"/>
  </Access>
  <RequestContent>
    <Parameter>
      <Record>
        <Field name="ws_name" value="CreateItemMasterData"/>
        <Field name="datakey" value="2087693147425929001"/>
        <Field name="tot_cnt" value="1"/>
        <Field name="sub_cnt" value="1"/>
        <Field name="status" value="Y"/>
      </Record>
    </Parameter>
    <Document>
      <RecordSet id="1">
        <Master name="ima_file">
          <Record>
            <Field name="ima01" value="9910-8000-1204"/>
            <Field name="ima02" value="CACU多功能接口模块"/>
            <Field name="ima06" value="99XX"/>
            <Field name="ima021" value=""/>
            <Field name="ima25" value="PCS"/>
            <Field name="imaud02" value="GZL3"/>
            <Field name="ima08" value="M"/>
            <Field name="ima37" value="2"/>
            <Field name="ima921" value="N"/>
            <Field name="ima70" value="N"/>
          </Record>
        </Master>
      </RecordSet>
    </Document>
    <ParameterGroup>
      <Record>
        <Field name="seqkey" value="2087693147425929"/>
        <Field name="seq_tot_cnt" value="1"/>
        <Field name="seq_sub_cnt" value="1"/>
      </Record>
    </ParameterGroup>
  </RequestContent>
</Request>


[Response Service #110900447]
    '' end at 11:09:00.464

[Response Message #110900447]
<Response>
  <Execution>
    <Status code="aws-624" sqlcode="0" description="傳入的DataKey不存在於暫存資料表(wcf_file) ，請確認!"/>
  </Execution>
  <ResponseContent>
    <Parameter/>
    <Document/>
  </ResponseContent>
</Response>
#------------------------------------------------------------------------------#


#--------------------------- (2017-10-17 11:09:01) ----------------------------#
[Request Service #110901244]
    '' begin at 11:09:01.244

[Request Message #110901244]
<Request>
  <Access>
    <Authentication user="tiptop" password=""/>
    <Connection application="PLM" source="10.0.2.8"/>
    <Organization name="SHXK_STE"/>
    <Locale language="zh_cn"/>
  </Access>
  <RequestContent>
    <Parameter>
      <Record>
        <Field name="ws_name" value="CreateItemMasterData"/>
        <Field name="datakey" value="2087693153877657001"/>
        <Field name="tot_cnt" value="1"/>
        <Field name="sub_cnt" value="1"/>
        <Field name="status" value="Y"/>
      </Record>
    </Parameter>
    <Document>
      <RecordSet id="1">
        <Master name="ima_file">
          <Record>
            <Field name="ima01" value="9910-8000-1204"/>
            <Field name="ima02" value="CACU多功能接口模块"/>
            <Field name="ima06" value="99XX"/>
            <Field name="ima021" value=""/>
            <Field name="ima25" value="PCS"/>
            <Field name="imaud02" value="GZL3"/>
            <Field name="ima08" value="M"/>
            <Field name="ima37" value="2"/>
            <Field name="ima921" value="N"/>
            <Field name="ima70" value="N"/>
          </Record>
        </Master>
      </RecordSet>
    </Document>
    <ParameterGroup>
      <Record>
        <Field name="seqkey" value="2087693153877657"/>
        <Field name="seq_tot_cnt" value="1"/>
        <Field name="seq_sub_cnt" value="1"/>
      </Record>
    </ParameterGroup>
  </RequestContent>
</Request>


[Response Service #110901244]
    '' end at 11:09:01.261

[Response Message #110901244]
<Response>
  <Execution>
    <Status code="aws-624" sqlcode="0" description="傳入的DataKey不存在於暫存資料表(wcf_file) ，請確認!"/>
  </Execution>
  <ResponseContent>
    <Parameter/>
    <Document/>
  </ResponseContent>
</Response>
#------------------------------------------------------------------------------#


#--------------------------- (2017-10-17 11:09:25) ----------------------------#
[Request Service #110925900]
    'CreatePLMTempTableData' begin at 11:09:25.900

[Request Message #110925900]
<Request>
  <Access>
    <Authentication user="tiptop" password=""></Authentication>
    <Connection application="PLM" source="10.0.2.8"></Connection>
    <Organization name="SHXK"></Organization>
    <Locale language="zh_cn"></Locale>
  </Access>
  <RequestContent>
    <Parameter>
      <Record>
        <Field name="ws_name" value="CreateItemMasterData"></Field>
        <Field name="datakey" value="2087729930244765001"></Field>
        <Field name="tot_cnt" value="1"></Field>
        <Field name="sub_cnt" value="1"></Field>
        <Field name="status" value="Y"></Field>
      </Record>
    </Parameter>
    <Document>
      <RecordSet id="1">
        <Master name="ima_file">
          <Record>
            <Field name="ima01" value="9910-8000-1205"></Field>
            <Field name="ima02" value="CACU语音控制模块"></Field>
            <Field name="ima06" value="99XX"></Field>
            <Field name="ima021" value=""></Field>
            <Field name="ima25" value="PCS"></Field>
            <Field name="imaud02" value="GZL3"></Field>
            <Field name="ima08" value="M"></Field>
            <Field name="ima37" value="2"></Field>
            <Field name="ima921" value="N"></Field>
            <Field name="ima70" value="N"></Field>
          </Record>
        </Master>
      </RecordSet>
    </Document>
    <ParameterGroup>
      <Record>
        <Field name="seqkey" value="2087729930244765"></Field>
        <Field name="seq_tot_cnt" value="1"></Field>
        <Field name="seq_sub_cnt" value="1"></Field>
      </Record>
    </ParameterGroup>
  </RequestContent>
</Request>



[Response Service #110925900]
    'CreatePLMTempTableData' end at 11:09:26.236

[Response Message #110925900]
<Response>
  <Execution>
    <Status code="0" sqlcode="0" description=""/>
  </Execution>
  <ResponseContent>
    <Parameter/>
    <Document/>
  </ResponseContent>
</Response>
#------------------------------------------------------------------------------#


#--------------------------- (2017-10-17 11:09:26) ----------------------------#
[Request Service #110926925]
    'CreatePLMTempTableData' begin at 11:09:26.925

[Request Message #110926925]
<Request>
  <Access>
    <Authentication user="tiptop" password=""></Authentication>
    <Connection application="PLM" source="10.0.2.8"></Connection>
    <Organization name="SHXK_STE"></Organization>
    <Locale language="zh_cn"></Locale>
  </Access>
  <RequestContent>
    <Parameter>
      <Record>
        <Field name="ws_name" value="CreateItemMasterData"></Field>
        <Field name="datakey" value="2087729936300703001"></Field>
        <Field name="tot_cnt" value="1"></Field>
        <Field name="sub_cnt" value="1"></Field>
        <Field name="status" value="Y"></Field>
      </Record>
    </Parameter>
    <Document>
      <RecordSet id="1">
        <Master name="ima_file">
          <Record>
            <Field name="ima01" value="9910-8000-1205"></Field>
            <Field name="ima02" value="CACU语音控制模块"></Field>
            <Field name="ima06" value="99XX"></Field>
            <Field name="ima021" value=""></Field>
            <Field name="ima25" value="PCS"></Field>
            <Field name="imaud02" value="GZL3"></Field>
            <Field name="ima08" value="M"></Field>
            <Field name="ima37" value="2"></Field>
            <Field name="ima921" value="N"></Field>
            <Field name="ima70" value="N"></Field>
          </Record>
        </Master>
      </RecordSet>
    </Document>
    <ParameterGroup>
      <Record>
        <Field name="seqkey" value="2087729936300703"></Field>
        <Field name="seq_tot_cnt" value="1"></Field>
        <Field name="seq_sub_cnt" value="1"></Field>
      </Record>
    </ParameterGroup>
  </RequestContent>
</Request>



[Response Service #110926925]
    'CreatePLMTempTableData' end at 11:09:27.267

[Response Message #110926925]
<Response>
  <Execution>
    <Status code="0" sqlcode="0" description=""/>
  </Execution>
  <ResponseContent>
    <Parameter/>
    <Document/>
  </ResponseContent>
</Response>
#------------------------------------------------------------------------------#


#--------------------------- (2017-10-17 11:09:27) ----------------------------#
[Request Service #110927817]
    '' begin at 11:09:27.817

[Request Message #110927817]
<Request>
  <Access>
    <Authentication user="tiptop" password=""/>
    <Connection application="PLM" source="10.0.2.8"/>
    <Organization name="SHXK"/>
    <Locale language="zh_cn"/>
  </Access>
  <RequestContent>
    <Parameter>
      <Record>
        <Field name="ws_name" value="CreateItemMasterData"/>
        <Field name="datakey" value="2087729930244765001"/>
        <Field name="tot_cnt" value="1"/>
        <Field name="sub_cnt" value="1"/>
        <Field name="status" value="Y"/>
      </Record>
    </Parameter>
    <Document>
      <RecordSet id="1">
        <Master name="ima_file">
          <Record>
            <Field name="ima01" value="9910-8000-1205"/>
            <Field name="ima02" value="CACU语音控制模块"/>
            <Field name="ima06" value="99XX"/>
            <Field name="ima021" value=""/>
            <Field name="ima25" value="PCS"/>
            <Field name="imaud02" value="GZL3"/>
            <Field name="ima08" value="M"/>
            <Field name="ima37" value="2"/>
            <Field name="ima921" value="N"/>
            <Field name="ima70" value="N"/>
          </Record>
        </Master>
      </RecordSet>
    </Document>
    <ParameterGroup>
      <Record>
        <Field name="seqkey" value="2087729930244765"/>
        <Field name="seq_tot_cnt" value="1"/>
        <Field name="seq_sub_cnt" value="1"/>
      </Record>
    </ParameterGroup>
  </RequestContent>
</Request>


[Response Service #110927817]
    '' end at 11:09:27.834

[Response Message #110927817]
<Response>
  <Execution>
    <Status code="aws-624" sqlcode="0" description="傳入的DataKey不存在於暫存資料表(wcf_file) ，請確認!"/>
  </Execution>
  <ResponseContent>
    <Parameter/>
    <Document/>
  </ResponseContent>
</Response>
#------------------------------------------------------------------------------#


#--------------------------- (2017-10-17 11:09:28) ----------------------------#
[Request Service #110928263]
    '' begin at 11:09:28.263

[Request Message #110928263]
<Request>
  <Access>
    <Authentication user="tiptop" password=""/>
    <Connection application="PLM" source="10.0.2.8"/>
    <Organization name="SHXK_STE"/>
    <Locale language="zh_cn"/>
  </Access>
  <RequestContent>
    <Parameter>
      <Record>
        <Field name="ws_name" value="CreateItemMasterData"/>
        <Field name="datakey" value="2087729936300703001"/>
        <Field name="tot_cnt" value="1"/>
        <Field name="sub_cnt" value="1"/>
        <Field name="status" value="Y"/>
      </Record>
    </Parameter>
    <Document>
      <RecordSet id="1">
        <Master name="ima_file">
          <Record>
            <Field name="ima01" value="9910-8000-1205"/>
            <Field name="ima02" value="CACU语音控制模块"/>
            <Field name="ima06" value="99XX"/>
            <Field name="ima021" value=""/>
            <Field name="ima25" value="PCS"/>
            <Field name="imaud02" value="GZL3"/>
            <Field name="ima08" value="M"/>
            <Field name="ima37" value="2"/>
            <Field name="ima921" value="N"/>
            <Field name="ima70" value="N"/>
          </Record>
        </Master>
      </RecordSet>
    </Document>
    <ParameterGroup>
      <Record>
        <Field name="seqkey" value="2087729936300703"/>
        <Field name="seq_tot_cnt" value="1"/>
        <Field name="seq_sub_cnt" value="1"/>
      </Record>
    </ParameterGroup>
  </RequestContent>
</Request>


[Response Service #110928263]
    '' end at 11:09:28.279

[Response Message #110928263]
<Response>
  <Execution>
    <Status code="aws-624" sqlcode="0" description="傳入的DataKey不存在於暫存資料表(wcf_file) ，請確認!"/>
  </Execution>
  <ResponseContent>
    <Parameter/>
    <Document/>
  </ResponseContent>
</Response>
#------------------------------------------------------------------------------#


#--------------------------- (2017-10-17 11:09:58) ----------------------------#
[Request Service #110958030]
    'CreatePLMTempTableData' begin at 11:09:58.030

[Request Message #110958030]
<Request>
  <Access>
    <Authentication user="tiptop" password=""></Authentication>
    <Connection application="PLM" source="10.0.2.8"></Connection>
    <Organization name="SHXK_STE"></Organization>
    <Locale language="zh_cn"></Locale>
  </Access>
  <RequestContent>
    <Parameter>
      <Record>
        <Field name="ws_name" value="CreateItemMasterData"></Field>
        <Field name="datakey" value="2087761148711009001"></Field>
        <Field name="tot_cnt" value="1"></Field>
        <Field name="sub_cnt" value="1"></Field>
        <Field name="status" value="Y"></Field>
      </Record>
    </Parameter>
    <Document>
      <RecordSet id="1">
        <Master name="ima_file">
          <Record>
            <Field name="ima01" value="9910-8000-1203"></Field>
            <Field name="ima02" value="CACU插件-储存模块"></Field>
            <Field name="ima06" value="99XX"></Field>
            <Field name="ima021" value=""></Field>
            <Field name="ima25" value="PCS"></Field>
            <Field name="imaud02" value="GZL3"></Field>
            <Field name="ima08" value="M"></Field>
            <Field name="ima37" value="2"></Field>
            <Field name="ima921" value="N"></Field>
            <Field name="ima70" value="N"></Field>
          </Record>
        </Master>
      </RecordSet>
    </Document>
    <ParameterGroup>
      <Record>
        <Field name="seqkey" value="2087761148711009"></Field>
        <Field name="seq_tot_cnt" value="1"></Field>
        <Field name="seq_sub_cnt" value="1"></Field>
      </Record>
    </ParameterGroup>
  </RequestContent>
</Request>



[Response Service #110958030]
    'CreatePLMTempTableData' end at 11:09:58.188

[Response Message #110958030]
<Response>
  <Execution>
    <Status code="0" sqlcode="0" description=""/>
  </Execution>
  <ResponseContent>
    <Parameter/>
    <Document/>
  </ResponseContent>
</Response>
#------------------------------------------------------------------------------#


#--------------------------- (2017-10-17 11:09:59) ----------------------------#
[Request Service #110959053]
    'CreatePLMTempTableData' begin at 11:09:59.053

[Request Message #110959053]
<Request>
  <Access>
    <Authentication user="tiptop" password=""></Authentication>
    <Connection application="PLM" source="10.0.2.8"></Connection>
    <Organization name="SHXK"></Organization>
    <Locale language="zh_cn"></Locale>
  </Access>
  <RequestContent>
    <Parameter>
      <Record>
        <Field name="ws_name" value="CreateItemMasterData"></Field>
        <Field name="datakey" value="2087761142377103001"></Field>
        <Field name="tot_cnt" value="1"></Field>
        <Field name="sub_cnt" value="1"></Field>
        <Field name="status" value="Y"></Field>
      </Record>
    </Parameter>
    <Document>
      <RecordSet id="1">
        <Master name="ima_file">
          <Record>
            <Field name="ima01" value="9910-8000-1203"></Field>
            <Field name="ima02" value="CACU插件-储存模块"></Field>
            <Field name="ima06" value="99XX"></Field>
            <Field name="ima021" value=""></Field>
            <Field name="ima25" value="PCS"></Field>
            <Field name="imaud02" value="GZL3"></Field>
            <Field name="ima08" value="M"></Field>
            <Field name="ima37" value="2"></Field>
            <Field name="ima921" value="N"></Field>
            <Field name="ima70" value="N"></Field>
          </Record>
        </Master>
      </RecordSet>
    </Document>
    <ParameterGroup>
      <Record>
        <Field name="seqkey" value="2087761142377103"></Field>
        <Field name="seq_tot_cnt" value="1"></Field>
        <Field name="seq_sub_cnt" value="1"></Field>
      </Record>
    </ParameterGroup>
  </RequestContent>
</Request>



#--------------------------- (2017-10-17 11:09:59) ----------------------------#
[Request Service #110959335]
    '' begin at 11:09:59.335

[Request Message #110959335]
<Request>
  <Access>
    <Authentication user="tiptop" password=""/>
    <Connection application="PLM" source="10.0.2.8"/>
    <Organization name="SHXK_STE"/>
    <Locale language="zh_cn"/>
  </Access>
  <RequestContent>
    <Parameter>
      <Record>
        <Field name="ws_name" value="CreateItemMasterData"/>
        <Field name="datakey" value="2087761148711009001"/>
        <Field name="tot_cnt" value="1"/>
        <Field name="sub_cnt" value="1"/>
        <Field name="status" value="Y"/>
      </Record>
    </Parameter>
    <Document>
      <RecordSet id="1">
        <Master name="ima_file">
          <Record>
            <Field name="ima01" value="9910-8000-1203"/>
            <Field name="ima02" value="CACU插件-储存模块"/>
            <Field name="ima06" value="99XX"/>
            <Field name="ima021" value=""/>
            <Field name="ima25" value="PCS"/>
            <Field name="imaud02" value="GZL3"/>
            <Field name="ima08" value="M"/>
            <Field name="ima37" value="2"/>
            <Field name="ima921" value="N"/>
            <Field name="ima70" value="N"/>
          </Record>
        </Master>
      </RecordSet>
    </Document>
    <ParameterGroup>
      <Record>
        <Field name="seqkey" value="2087761148711009"/>
        <Field name="seq_tot_cnt" value="1"/>
        <Field name="seq_sub_cnt" value="1"/>
      </Record>
    </ParameterGroup>
  </RequestContent>
</Request>


[Response Service #110959335]
    '' end at 11:09:59.352

[Response Message #110959335]
<Response>
  <Execution>
    <Status code="aws-624" sqlcode="0" description="傳入的DataKey不存在於暫存資料表(wcf_file) ，請確認!"/>
  </Execution>
  <ResponseContent>
    <Parameter/>
    <Document/>
  </ResponseContent>
</Response>
#------------------------------------------------------------------------------#


[Response Service #110959053]
    'CreatePLMTempTableData' end at 11:09:59.415

[Response Message #110959053]
<Response>
  <Execution>
    <Status code="0" sqlcode="0" description=""/>
  </Execution>
  <ResponseContent>
    <Parameter/>
    <Document/>
  </ResponseContent>
</Response>
#------------------------------------------------------------------------------#


#--------------------------- (2017-10-17 11:10:00) ----------------------------#
[Request Service #111000759]
    '' begin at 11:10:00.759

[Request Message #111000759]
<Request>
  <Access>
    <Authentication user="tiptop" password=""/>
    <Connection application="PLM" source="10.0.2.8"/>
    <Organization name="SHXK"/>
    <Locale language="zh_cn"/>
  </Access>
  <RequestContent>
    <Parameter>
      <Record>
        <Field name="ws_name" value="CreateItemMasterData"/>
        <Field name="datakey" value="2087761142377103001"/>
        <Field name="tot_cnt" value="1"/>
        <Field name="sub_cnt" value="1"/>
        <Field name="status" value="Y"/>
      </Record>
    </Parameter>
    <Document>
      <RecordSet id="1">
        <Master name="ima_file">
          <Record>
            <Field name="ima01" value="9910-8000-1203"/>
            <Field name="ima02" value="CACU插件-储存模块"/>
            <Field name="ima06" value="99XX"/>
            <Field name="ima021" value=""/>
            <Field name="ima25" value="PCS"/>
            <Field name="imaud02" value="GZL3"/>
            <Field name="ima08" value="M"/>
            <Field name="ima37" value="2"/>
            <Field name="ima921" value="N"/>
            <Field name="ima70" value="N"/>
          </Record>
        </Master>
      </RecordSet>
    </Document>
    <ParameterGroup>
      <Record>
        <Field name="seqkey" value="2087761142377103"/>
        <Field name="seq_tot_cnt" value="1"/>
        <Field name="seq_sub_cnt" value="1"/>
      </Record>
    </ParameterGroup>
  </RequestContent>
</Request>


[Response Service #111000759]
    '' end at 11:10:00.776

[Response Message #111000759]
<Response>
  <Execution>
    <Status code="aws-624" sqlcode="0" description="傳入的DataKey不存在於暫存資料表(wcf_file) ，請確認!"/>
  </Execution>
  <ResponseContent>
    <Parameter/>
    <Document/>
  </ResponseContent>
</Response>
#------------------------------------------------------------------------------#


#--------------------------- (2017-10-17 11:10:55) ----------------------------#
[Request Service #111055237]
    'CreatePLMTempTableData' begin at 11:10:55.237

[Request Message #111055237]
<Request>
  <Access>
    <Authentication user="tiptop" password=""></Authentication>
    <Connection application="PLM" source="10.0.2.8"></Connection>
    <Organization name="SHXK_STE"></Organization>
    <Locale language="zh_cn"></Locale>
  </Access>
  <RequestContent>
    <Parameter>
      <Record>
        <Field name="ws_name" value="CreateItemMasterData"></Field>
        <Field name="datakey" value="2087810473250860001"></Field>
        <Field name="tot_cnt" value="1"></Field>
        <Field name="sub_cnt" value="1"></Field>
        <Field name="status" value="Y"></Field>
      </Record>
    </Parameter>
    <Document>
      <RecordSet id="1">
        <Master name="ima_file">
          <Record>
            <Field name="ima01" value="9910-8000-2202"></Field>
            <Field name="ima02" value="SACU放大器模块"></Field>
            <Field name="ima06" value="99XX"></Field>
            <Field name="ima021" value=""></Field>
            <Field name="ima25" value="PCS"></Field>
            <Field name="imaud02" value="GZL3"></Field>
            <Field name="ima08" value="M"></Field>
            <Field name="ima37" value="2"></Field>
            <Field name="ima921" value="N"></Field>
            <Field name="ima70" value="N"></Field>
          </Record>
        </Master>
      </RecordSet>
    </Document>
    <ParameterGroup>
      <Record>
        <Field name="seqkey" value="2087810473250860"></Field>
        <Field name="seq_tot_cnt" value="1"></Field>
        <Field name="seq_sub_cnt" value="1"></Field>
      </Record>
    </ParameterGroup>
  </RequestContent>
</Request>



[Response Service #111055237]
    'CreatePLMTempTableData' end at 11:10:55.395

[Response Message #111055237]
<Response>
  <Execution>
    <Status code="0" sqlcode="0" description=""/>
  </Execution>
  <ResponseContent>
    <Parameter/>
    <Document/>
  </ResponseContent>
</Response>
#------------------------------------------------------------------------------#


#--------------------------- (2017-10-17 11:10:56) ----------------------------#
[Request Service #111056269]
    'CreatePLMTempTableData' begin at 11:10:56.269

[Request Message #111056269]
<Request>
  <Access>
    <Authentication user="tiptop" password=""></Authentication>
    <Connection application="PLM" source="10.0.2.8"></Connection>
    <Organization name="SHXK"></Organization>
    <Locale language="zh_cn"></Locale>
  </Access>
  <RequestContent>
    <Parameter>
      <Record>
        <Field name="ws_name" value="CreateItemMasterData"></Field>
        <Field name="datakey" value="2087810467021926001"></Field>
        <Field name="tot_cnt" value="1"></Field>
        <Field name="sub_cnt" value="1"></Field>
        <Field name="status" value="Y"></Field>
      </Record>
    </Parameter>
    <Document>
      <RecordSet id="1">
        <Master name="ima_file">
          <Record>
            <Field name="ima01" value="9910-8000-2202"></Field>
            <Field name="ima02" value="SACU放大器模块"></Field>
            <Field name="ima06" value="99XX"></Field>
            <Field name="ima021" value=""></Field>
            <Field name="ima25" value="PCS"></Field>
            <Field name="imaud02" value="GZL3"></Field>
            <Field name="ima08" value="M"></Field>
            <Field name="ima37" value="2"></Field>
            <Field name="ima921" value="N"></Field>
            <Field name="ima70" value="N"></Field>
          </Record>
        </Master>
      </RecordSet>
    </Document>
    <ParameterGroup>
      <Record>
        <Field name="seqkey" value="2087810467021926"></Field>
        <Field name="seq_tot_cnt" value="1"></Field>
        <Field name="seq_sub_cnt" value="1"></Field>
      </Record>
    </ParameterGroup>
  </RequestContent>
</Request>



#--------------------------- (2017-10-17 11:10:56) ----------------------------#
[Request Service #111056550]
    '' begin at 11:10:56.550

[Request Message #111056550]
<Request>
  <Access>
    <Authentication user="tiptop" password=""/>
    <Connection application="PLM" source="10.0.2.8"/>
    <Organization name="SHXK_STE"/>
    <Locale language="zh_cn"/>
  </Access>
  <RequestContent>
    <Parameter>
      <Record>
        <Field name="ws_name" value="CreateItemMasterData"/>
        <Field name="datakey" value="2087810473250860001"/>
        <Field name="tot_cnt" value="1"/>
        <Field name="sub_cnt" value="1"/>
        <Field name="status" value="Y"/>
      </Record>
    </Parameter>
    <Document>
      <RecordSet id="1">
        <Master name="ima_file">
          <Record>
            <Field name="ima01" value="9910-8000-2202"/>
            <Field name="ima02" value="SACU放大器模块"/>
            <Field name="ima06" value="99XX"/>
            <Field name="ima021" value=""/>
            <Field name="ima25" value="PCS"/>
            <Field name="imaud02" value="GZL3"/>
            <Field name="ima08" value="M"/>
            <Field name="ima37" value="2"/>
            <Field name="ima921" value="N"/>
            <Field name="ima70" value="N"/>
          </Record>
        </Master>
      </RecordSet>
    </Document>
    <ParameterGroup>
      <Record>
        <Field name="seqkey" value="2087810473250860"/>
        <Field name="seq_tot_cnt" value="1"/>
        <Field name="seq_sub_cnt" value="1"/>
      </Record>
    </ParameterGroup>
  </RequestContent>
</Request>


[Response Service #111056550]
    '' end at 11:10:56.568

[Response Message #111056550]
<Response>
  <Execution>
    <Status code="aws-624" sqlcode="0" description="傳入的DataKey不存在於暫存資料表(wcf_file) ，請確認!"/>
  </Execution>
  <ResponseContent>
    <Parameter/>
    <Document/>
  </ResponseContent>
</Response>
#------------------------------------------------------------------------------#


[Response Service #111056269]
    'CreatePLMTempTableData' end at 11:10:56.640

[Response Message #111056269]
<Response>
  <Execution>
    <Status code="0" sqlcode="0" description=""/>
  </Execution>
  <ResponseContent>
    <Parameter/>
    <Document/>
  </ResponseContent>
</Response>
#------------------------------------------------------------------------------#


#--------------------------- (2017-10-17 11:10:57) ----------------------------#
[Request Service #111057987]
    '' begin at 11:10:57.987

[Request Message #111057987]
<Request>
  <Access>
    <Authentication user="tiptop" password=""/>
    <Connection application="PLM" source="10.0.2.8"/>
    <Organization name="SHXK"/>
    <Locale language="zh_cn"/>
  </Access>
  <RequestContent>
    <Parameter>
      <Record>
        <Field name="ws_name" value="CreateItemMasterData"/>
        <Field name="datakey" value="2087810467021926001"/>
        <Field name="tot_cnt" value="1"/>
        <Field name="sub_cnt" value="1"/>
        <Field name="status" value="Y"/>
      </Record>
    </Parameter>
    <Document>
      <RecordSet id="1">
        <Master name="ima_file">
          <Record>
            <Field name="ima01" value="9910-8000-2202"/>
            <Field name="ima02" value="SACU放大器模块"/>
            <Field name="ima06" value="99XX"/>
            <Field name="ima021" value=""/>
            <Field name="ima25" value="PCS"/>
            <Field name="imaud02" value="GZL3"/>
            <Field name="ima08" value="M"/>
            <Field name="ima37" value="2"/>
            <Field name="ima921" value="N"/>
            <Field name="ima70" value="N"/>
          </Record>
        </Master>
      </RecordSet>
    </Document>
    <ParameterGroup>
      <Record>
        <Field name="seqkey" value="2087810467021926"/>
        <Field name="seq_tot_cnt" value="1"/>
        <Field name="seq_sub_cnt" value="1"/>
      </Record>
    </ParameterGroup>
  </RequestContent>
</Request>


[Response Service #111057987]
    '' end at 11:10:58.003

[Response Message #111057987]
<Response>
  <Execution>
    <Status code="aws-624" sqlcode="0" description="傳入的DataKey不存在於暫存資料表(wcf_file) ，請確認!"/>
  </Execution>
  <ResponseContent>
    <Parameter/>
    <Document/>
  </ResponseContent>
</Response>
#------------------------------------------------------------------------------#


#--------------------------- (2017-10-17 11:11:27) ----------------------------#
[Request Service #111127377]
    'CreatePLMTempTableData' begin at 11:11:27.377

[Request Message #111127377]
<Request>
  <Access>
    <Authentication user="tiptop" password=""></Authentication>
    <Connection application="PLM" source="10.0.2.8"></Connection>
    <Organization name="SHXK"></Organization>
    <Locale language="zh_cn"></Locale>
  </Access>
  <RequestContent>
    <Parameter>
      <Record>
        <Field name="ws_name" value="CreateItemMasterData"></Field>
        <Field name="datakey" value="2087845877528428001"></Field>
        <Field name="tot_cnt" value="1"></Field>
        <Field name="sub_cnt" value="1"></Field>
        <Field name="status" value="Y"></Field>
      </Record>
    </Parameter>
    <Document>
      <RecordSet id="1">
        <Master name="ima_file">
          <Record>
            <Field name="ima01" value="9910-8000-2203"></Field>
            <Field name="ima02" value="SACU多功能接口模块"></Field>
            <Field name="ima06" value="99XX"></Field>
            <Field name="ima021" value=""></Field>
            <Field name="ima25" value="PCS"></Field>
            <Field name="imaud02" value="GZL3"></Field>
            <Field name="ima08" value="M"></Field>
            <Field name="ima37" value="2"></Field>
            <Field name="ima921" value="N"></Field>
            <Field name="ima70" value="N"></Field>
          </Record>
        </Master>
      </RecordSet>
    </Document>
    <ParameterGroup>
      <Record>
        <Field name="seqkey" value="2087845877528428"></Field>
        <Field name="seq_tot_cnt" value="1"></Field>
        <Field name="seq_sub_cnt" value="1"></Field>
      </Record>
    </ParameterGroup>
  </RequestContent>
</Request>



[Response Service #111127377]
    'CreatePLMTempTableData' end at 11:11:27.559

[Response Message #111127377]
<Response>
  <Execution>
    <Status code="0" sqlcode="0" description=""/>
  </Execution>
  <ResponseContent>
    <Parameter/>
    <Document/>
  </ResponseContent>
</Response>
#------------------------------------------------------------------------------#


#--------------------------- (2017-10-17 11:11:28) ----------------------------#
[Request Service #111128408]
    'CreatePLMTempTableData' begin at 11:11:28.408

[Request Message #111128408]
<Request>
  <Access>
    <Authentication user="tiptop" password=""></Authentication>
    <Connection application="PLM" source="10.0.2.8"></Connection>
    <Organization name="SHXK_STE"></Organization>
    <Locale language="zh_cn"></Locale>
  </Access>
  <RequestContent>
    <Parameter>
      <Record>
        <Field name="ws_name" value="CreateItemMasterData"></Field>
        <Field name="datakey" value="2087845914466852001"></Field>
        <Field name="tot_cnt" value="1"></Field>
        <Field name="sub_cnt" value="1"></Field>
        <Field name="status" value="Y"></Field>
      </Record>
    </Parameter>
    <Document>
      <RecordSet id="1">
        <Master name="ima_file">
          <Record>
            <Field name="ima01" value="9910-8000-2203"></Field>
            <Field name="ima02" value="SACU多功能接口模块"></Field>
            <Field name="ima06" value="99XX"></Field>
            <Field name="ima021" value=""></Field>
            <Field name="ima25" value="PCS"></Field>
            <Field name="imaud02" value="GZL3"></Field>
            <Field name="ima08" value="M"></Field>
            <Field name="ima37" value="2"></Field>
            <Field name="ima921" value="N"></Field>
            <Field name="ima70" value="N"></Field>
          </Record>
        </Master>
      </RecordSet>
    </Document>
    <ParameterGroup>
      <Record>
        <Field name="seqkey" value="2087845914466852"></Field>
        <Field name="seq_tot_cnt" value="1"></Field>
        <Field name="seq_sub_cnt" value="1"></Field>
      </Record>
    </ParameterGroup>
  </RequestContent>
</Request>



[Response Service #111128408]
    'CreatePLMTempTableData' end at 11:11:28.726

[Response Message #111128408]
<Response>
  <Execution>
    <Status code="0" sqlcode="0" description=""/>
  </Execution>
  <ResponseContent>
    <Parameter/>
    <Document/>
  </ResponseContent>
</Response>
#------------------------------------------------------------------------------#


#--------------------------- (2017-10-17 11:11:28) ----------------------------#
[Request Service #111128962]
    '' begin at 11:11:28.962

[Request Message #111128962]
<Request>
  <Access>
    <Authentication user="tiptop" password=""/>
    <Connection application="PLM" source="10.0.2.8"/>
    <Organization name="SHXK"/>
    <Locale language="zh_cn"/>
  </Access>
  <RequestContent>
    <Parameter>
      <Record>
        <Field name="ws_name" value="CreateItemMasterData"/>
        <Field name="datakey" value="2087845877528428001"/>
        <Field name="tot_cnt" value="1"/>
        <Field name="sub_cnt" value="1"/>
        <Field name="status" value="Y"/>
      </Record>
    </Parameter>
    <Document>
      <RecordSet id="1">
        <Master name="ima_file">
          <Record>
            <Field name="ima01" value="9910-8000-2203"/>
            <Field name="ima02" value="SACU多功能接口模块"/>
            <Field name="ima06" value="99XX"/>
            <Field name="ima021" value=""/>
            <Field name="ima25" value="PCS"/>
            <Field name="imaud02" value="GZL3"/>
            <Field name="ima08" value="M"/>
            <Field name="ima37" value="2"/>
            <Field name="ima921" value="N"/>
            <Field name="ima70" value="N"/>
          </Record>
        </Master>
      </RecordSet>
    </Document>
    <ParameterGroup>
      <Record>
        <Field name="seqkey" value="2087845877528428"/>
        <Field name="seq_tot_cnt" value="1"/>
        <Field name="seq_sub_cnt" value="1"/>
      </Record>
    </ParameterGroup>
  </RequestContent>
</Request>


[Response Service #111128962]
    '' end at 11:11:28.979

[Response Message #111128962]
<Response>
  <Execution>
    <Status code="aws-624" sqlcode="0" description="傳入的DataKey不存在於暫存資料表(wcf_file) ，請確認!"/>
  </Execution>
  <ResponseContent>
    <Parameter/>
    <Document/>
  </ResponseContent>
</Response>
#------------------------------------------------------------------------------#


#--------------------------- (2017-10-17 11:11:29) ----------------------------#
[Request Service #111129938]
    '' begin at 11:11:29.938

[Request Message #111129938]
<Request>
  <Access>
    <Authentication user="tiptop" password=""/>
    <Connection application="PLM" source="10.0.2.8"/>
    <Organization name="SHXK_STE"/>
    <Locale language="zh_cn"/>
  </Access>
  <RequestContent>
    <Parameter>
      <Record>
        <Field name="ws_name" value="CreateItemMasterData"/>
        <Field name="datakey" value="2087845914466852001"/>
        <Field name="tot_cnt" value="1"/>
        <Field name="sub_cnt" value="1"/>
        <Field name="status" value="Y"/>
      </Record>
    </Parameter>
    <Document>
      <RecordSet id="1">
        <Master name="ima_file">
          <Record>
            <Field name="ima01" value="9910-8000-2203"/>
            <Field name="ima02" value="SACU多功能接口模块"/>
            <Field name="ima06" value="99XX"/>
            <Field name="ima021" value=""/>
            <Field name="ima25" value="PCS"/>
            <Field name="imaud02" value="GZL3"/>
            <Field name="ima08" value="M"/>
            <Field name="ima37" value="2"/>
            <Field name="ima921" value="N"/>
            <Field name="ima70" value="N"/>
          </Record>
        </Master>
      </RecordSet>
    </Document>
    <ParameterGroup>
      <Record>
        <Field name="seqkey" value="2087845914466852"/>
        <Field name="seq_tot_cnt" value="1"/>
        <Field name="seq_sub_cnt" value="1"/>
      </Record>
    </ParameterGroup>
  </RequestContent>
</Request>


[Response Service #111129938]
    '' end at 11:11:29.955

[Response Message #111129938]
<Response>
  <Execution>
    <Status code="aws-624" sqlcode="0" description="傳入的DataKey不存在於暫存資料表(wcf_file) ，請確認!"/>
  </Execution>
  <ResponseContent>
    <Parameter/>
    <Document/>
  </ResponseContent>
</Response>
#------------------------------------------------------------------------------#


#--------------------------- (2017-10-17 11:12:29) ----------------------------#
[Request Service #111229561]
    'CreatePLMTempTableData' begin at 11:12:29.561

[Request Message #111229561]
<Request>
  <Access>
    <Authentication user="tiptop" password=""></Authentication>
    <Connection application="PLM" source="10.0.2.8"></Connection>
    <Organization name="SHXK"></Organization>
    <Locale language="zh_cn"></Locale>
  </Access>
  <RequestContent>
    <Parameter>
      <Record>
        <Field name="ws_name" value="CreateItemMasterData"></Field>
        <Field name="datakey" value="2087890665346573001"></Field>
        <Field name="tot_cnt" value="1"></Field>
        <Field name="sub_cnt" value="1"></Field>
        <Field name="status" value="Y"></Field>
      </Record>
    </Parameter>
    <Document>
      <RecordSet id="1">
        <Master name="ima_file">
          <Record>
            <Field name="ima01" value="9910-8000-2204"></Field>
            <Field name="ima02" value="SACU-PECU接口和控制器模块"></Field>
            <Field name="ima06" value="99XX"></Field>
            <Field name="ima021" value=""></Field>
            <Field name="ima25" value="PCS"></Field>
            <Field name="imaud02" value="GZL3"></Field>
            <Field name="ima08" value="M"></Field>
            <Field name="ima37" value="2"></Field>
            <Field name="ima921" value="N"></Field>
            <Field name="ima70" value="N"></Field>
          </Record>
        </Master>
      </RecordSet>
    </Document>
    <ParameterGroup>
      <Record>
        <Field name="seqkey" value="2087890665346573"></Field>
        <Field name="seq_tot_cnt" value="1"></Field>
        <Field name="seq_sub_cnt" value="1"></Field>
      </Record>
    </ParameterGroup>
  </RequestContent>
</Request>



[Response Service #111229561]
    'CreatePLMTempTableData' end at 11:12:29.740

[Response Message #111229561]
<Response>
  <Execution>
    <Status code="0" sqlcode="0" description=""/>
  </Execution>
  <ResponseContent>
    <Parameter/>
    <Document/>
  </ResponseContent>
</Response>
#------------------------------------------------------------------------------#


#--------------------------- (2017-10-17 11:12:30) ----------------------------#
[Request Service #111230571]
    'CreatePLMTempTableData' begin at 11:12:30.571

[Request Message #111230571]
<Request>
  <Access>
    <Authentication user="tiptop" password=""></Authentication>
    <Connection application="PLM" source="10.0.2.8"></Connection>
    <Organization name="SHXK_STE"></Organization>
    <Locale language="zh_cn"></Locale>
  </Access>
  <RequestContent>
    <Parameter>
      <Record>
        <Field name="ws_name" value="CreateItemMasterData"></Field>
        <Field name="datakey" value="2087890671835177001"></Field>
        <Field name="tot_cnt" value="1"></Field>
        <Field name="sub_cnt" value="1"></Field>
        <Field name="status" value="Y"></Field>
      </Record>
    </Parameter>
    <Document>
      <RecordSet id="1">
        <Master name="ima_file">
          <Record>
            <Field name="ima01" value="9910-8000-2204"></Field>
            <Field name="ima02" value="SACU-PECU接口和控制器模块"></Field>
            <Field name="ima06" value="99XX"></Field>
            <Field name="ima021" value=""></Field>
            <Field name="ima25" value="PCS"></Field>
            <Field name="imaud02" value="GZL3"></Field>
            <Field name="ima08" value="M"></Field>
            <Field name="ima37" value="2"></Field>
            <Field name="ima921" value="N"></Field>
            <Field name="ima70" value="N"></Field>
          </Record>
        </Master>
      </RecordSet>
    </Document>
    <ParameterGroup>
      <Record>
        <Field name="seqkey" value="2087890671835177"></Field>
        <Field name="seq_tot_cnt" value="1"></Field>
        <Field name="seq_sub_cnt" value="1"></Field>
      </Record>
    </ParameterGroup>
  </RequestContent>
</Request>



[Response Service #111230571]
    'CreatePLMTempTableData' end at 11:12:30.927

[Response Message #111230571]
<Response>
  <Execution>
    <Status code="0" sqlcode="0" description=""/>
  </Execution>
  <ResponseContent>
    <Parameter/>
    <Document/>
  </ResponseContent>
</Response>
#------------------------------------------------------------------------------#


#--------------------------- (2017-10-17 11:12:31) ----------------------------#
[Request Service #111231184]
    '' begin at 11:12:31.184

[Request Message #111231184]
<Request>
  <Access>
    <Authentication user="tiptop" password=""/>
    <Connection application="PLM" source="10.0.2.8"/>
    <Organization name="SHXK"/>
    <Locale language="zh_cn"/>
  </Access>
  <RequestContent>
    <Parameter>
      <Record>
        <Field name="ws_name" value="CreateItemMasterData"/>
        <Field name="datakey" value="2087890665346573001"/>
        <Field name="tot_cnt" value="1"/>
        <Field name="sub_cnt" value="1"/>
        <Field name="status" value="Y"/>
      </Record>
    </Parameter>
    <Document>
      <RecordSet id="1">
        <Master name="ima_file">
          <Record>
            <Field name="ima01" value="9910-8000-2204"/>
            <Field name="ima02" value="SACU-PECU接口和控制器模块"/>
            <Field name="ima06" value="99XX"/>
            <Field name="ima021" value=""/>
            <Field name="ima25" value="PCS"/>
            <Field name="imaud02" value="GZL3"/>
            <Field name="ima08" value="M"/>
            <Field name="ima37" value="2"/>
            <Field name="ima921" value="N"/>
            <Field name="ima70" value="N"/>
          </Record>
        </Master>
      </RecordSet>
    </Document>
    <ParameterGroup>
      <Record>
        <Field name="seqkey" value="2087890665346573"/>
        <Field name="seq_tot_cnt" value="1"/>
        <Field name="seq_sub_cnt" value="1"/>
      </Record>
    </ParameterGroup>
  </RequestContent>
</Request>


[Response Service #111231184]
    '' end at 11:12:31.201

[Response Message #111231184]
<Response>
  <Execution>
    <Status code="aws-624" sqlcode="0" description="傳入的DataKey不存在於暫存資料表(wcf_file) ，請確認!"/>
  </Execution>
  <ResponseContent>
    <Parameter/>
    <Document/>
  </ResponseContent>
</Response>
#------------------------------------------------------------------------------#


#--------------------------- (2017-10-17 11:12:32) ----------------------------#
[Request Service #111232124]
    '' begin at 11:12:32.124

[Request Message #111232124]
<Request>
  <Access>
    <Authentication user="tiptop" password=""/>
    <Connection application="PLM" source="10.0.2.8"/>
    <Organization name="SHXK_STE"/>
    <Locale language="zh_cn"/>
  </Access>
  <RequestContent>
    <Parameter>
      <Record>
        <Field name="ws_name" value="CreateItemMasterData"/>
        <Field name="datakey" value="2087890671835177001"/>
        <Field name="tot_cnt" value="1"/>
        <Field name="sub_cnt" value="1"/>
        <Field name="status" value="Y"/>
      </Record>
    </Parameter>
    <Document>
      <RecordSet id="1">
        <Master name="ima_file">
          <Record>
            <Field name="ima01" value="9910-8000-2204"/>
            <Field name="ima02" value="SACU-PECU接口和控制器模块"/>
            <Field name="ima06" value="99XX"/>
            <Field name="ima021" value=""/>
            <Field name="ima25" value="PCS"/>
            <Field name="imaud02" value="GZL3"/>
            <Field name="ima08" value="M"/>
            <Field name="ima37" value="2"/>
            <Field name="ima921" value="N"/>
            <Field name="ima70" value="N"/>
          </Record>
        </Master>
      </RecordSet>
    </Document>
    <ParameterGroup>
      <Record>
        <Field name="seqkey" value="2087890671835177"/>
        <Field name="seq_tot_cnt" value="1"/>
        <Field name="seq_sub_cnt" value="1"/>
      </Record>
    </ParameterGroup>
  </RequestContent>
</Request>


[Response Service #111232124]
    '' end at 11:12:32.143

[Response Message #111232124]
<Response>
  <Execution>
    <Status code="aws-624" sqlcode="0" description="傳入的DataKey不存在於暫存資料表(wcf_file) ，請確認!"/>
  </Execution>
  <ResponseContent>
    <Parameter/>
    <Document/>
  </ResponseContent>
</Response>
#------------------------------------------------------------------------------#


#--------------------------- (2017-10-17 15:38:59) ----------------------------#
[Request Service #153859412]
    'CreatePLMTempTableData' begin at 15:38:59.412

[Request Message #153859412]
<Request>
  <Access>
    <Authentication user="tiptop" password=""></Authentication>
    <Connection application="PLM" source="10.0.2.8"></Connection>
    <Organization name="SHXK_STE"></Organization>
    <Locale language="zh_cn"></Locale>
  </Access>
  <RequestContent>
    <Parameter>
      <Record>
        <Field name="ws_name" value="CreateItemMasterData"></Field>
        <Field name="datakey" value="2103892497875777001"></Field>
        <Field name="tot_cnt" value="1"></Field>
        <Field name="sub_cnt" value="1"></Field>
        <Field name="status" value="Y"></Field>
      </Record>
    </Parameter>
    <Document>
      <RecordSet id="1">
        <Master name="ima_file">
          <Record>
            <Field name="ima01" value="8013-0197"></Field>
            <Field name="ima02" value="扎带标签(小号）"></Field>
            <Field name="ima06" value="8013"></Field>
            <Field name="ima021" value="IT 18 R"></Field>
            <Field name="ima25" value="PCS"></Field>
            <Field name="imaud02" value="071BART"></Field>
            <Field name="ima08" value="P"></Field>
            <Field name="ima37" value="2"></Field>
            <Field name="ima921" value="N"></Field>
            <Field name="ima70" value="N"></Field>
          </Record>
        </Master>
      </RecordSet>
    </Document>
    <ParameterGroup>
      <Record>
        <Field name="seqkey" value="2103892497875777"></Field>
        <Field name="seq_tot_cnt" value="1"></Field>
        <Field name="seq_sub_cnt" value="1"></Field>
      </Record>
    </ParameterGroup>
  </RequestContent>
</Request>



[Response Service #153859412]
    'CreatePLMTempTableData' end at 15:38:59.720

[Response Message #153859412]
<Response>
  <Execution>
    <Status code="0" sqlcode="0" description=""/>
  </Execution>
  <ResponseContent>
    <Parameter/>
    <Document/>
  </ResponseContent>
</Response>
#------------------------------------------------------------------------------#


#--------------------------- (2017-10-17 15:39:00) ----------------------------#
[Request Service #153900415]
    'CreatePLMTempTableData' begin at 15:39:00.415

[Request Message #153900415]
<Request>
  <Access>
    <Authentication user="tiptop" password=""></Authentication>
    <Connection application="PLM" source="10.0.2.8"></Connection>
    <Organization name="SHXK"></Organization>
    <Locale language="zh_cn"></Locale>
  </Access>
  <RequestContent>
    <Parameter>
      <Record>
        <Field name="ws_name" value="CreateItemMasterData"></Field>
        <Field name="datakey" value="2103892491174646001"></Field>
        <Field name="tot_cnt" value="1"></Field>
        <Field name="sub_cnt" value="1"></Field>
        <Field name="status" value="Y"></Field>
      </Record>
    </Parameter>
    <Document>
      <RecordSet id="1">
        <Master name="ima_file">
          <Record>
            <Field name="ima01" value="8013-0197"></Field>
            <Field name="ima02" value="扎带标签(小号）"></Field>
            <Field name="ima06" value="8013"></Field>
            <Field name="ima021" value="IT 18 R"></Field>
            <Field name="ima25" value="PCS"></Field>
            <Field name="imaud02" value="071BART"></Field>
            <Field name="ima08" value="P"></Field>
            <Field name="ima37" value="2"></Field>
            <Field name="ima921" value="N"></Field>
            <Field name="ima70" value="N"></Field>
          </Record>
        </Master>
      </RecordSet>
    </Document>
    <ParameterGroup>
      <Record>
        <Field name="seqkey" value="2103892491174646"></Field>
        <Field name="seq_tot_cnt" value="1"></Field>
        <Field name="seq_sub_cnt" value="1"></Field>
      </Record>
    </ParameterGroup>
  </RequestContent>
</Request>



[Response Service #153900415]
    'CreatePLMTempTableData' end at 15:39:00.748

[Response Message #153900415]
<Response>
  <Execution>
    <Status code="0" sqlcode="0" description=""/>
  </Execution>
  <ResponseContent>
    <Parameter/>
    <Document/>
  </ResponseContent>
</Response>
#------------------------------------------------------------------------------#


#--------------------------- (2017-10-17 15:39:01) ----------------------------#
[Request Service #153901126]
    '' begin at 15:39:01.126

[Request Message #153901126]
<Request>
  <Access>
    <Authentication user="tiptop" password=""/>
    <Connection application="PLM" source="10.0.2.8"/>
    <Organization name="SHXK_STE"/>
    <Locale language="zh_cn"/>
  </Access>
  <RequestContent>
    <Parameter>
      <Record>
        <Field name="ws_name" value="CreateItemMasterData"/>
        <Field name="datakey" value="2103892497875777001"/>
        <Field name="tot_cnt" value="1"/>
        <Field name="sub_cnt" value="1"/>
        <Field name="status" value="Y"/>
      </Record>
    </Parameter>
    <Document>
      <RecordSet id="1">
        <Master name="ima_file">
          <Record>
            <Field name="ima01" value="8013-0197"/>
            <Field name="ima02" value="扎带标签(小号）"/>
            <Field name="ima06" value="8013"/>
            <Field name="ima021" value="IT 18 R"/>
            <Field name="ima25" value="PCS"/>
            <Field name="imaud02" value="071BART"/>
            <Field name="ima08" value="P"/>
            <Field name="ima37" value="2"/>
            <Field name="ima921" value="N"/>
            <Field name="ima70" value="N"/>
          </Record>
        </Master>
      </RecordSet>
    </Document>
    <ParameterGroup>
      <Record>
        <Field name="seqkey" value="2103892497875777"/>
        <Field name="seq_tot_cnt" value="1"/>
        <Field name="seq_sub_cnt" value="1"/>
      </Record>
    </ParameterGroup>
  </RequestContent>
</Request>


[Response Service #153901126]
    '' end at 15:39:01.151

[Response Message #153901126]
<Response>
  <Execution>
    <Status code="aws-624" sqlcode="0" description="傳入的DataKey不存在於暫存資料表(wcf_file) ，請確認!"/>
  </Execution>
  <ResponseContent>
    <Parameter/>
    <Document/>
  </ResponseContent>
</Response>
#------------------------------------------------------------------------------#


#--------------------------- (2017-10-17 15:39:01) ----------------------------#
[Request Service #153901978]
    '' begin at 15:39:01.978

[Request Message #153901978]
<Request>
  <Access>
    <Authentication user="tiptop" password=""/>
    <Connection application="PLM" source="10.0.2.8"/>
    <Organization name="SHXK"/>
    <Locale language="zh_cn"/>
  </Access>
  <RequestContent>
    <Parameter>
      <Record>
        <Field name="ws_name" value="CreateItemMasterData"/>
        <Field name="datakey" value="2103892491174646001"/>
        <Field name="tot_cnt" value="1"/>
        <Field name="sub_cnt" value="1"/>
        <Field name="status" value="Y"/>
      </Record>
    </Parameter>
    <Document>
      <RecordSet id="1">
        <Master name="ima_file">
          <Record>
            <Field name="ima01" value="8013-0197"/>
            <Field name="ima02" value="扎带标签(小号）"/>
            <Field name="ima06" value="8013"/>
            <Field name="ima021" value="IT 18 R"/>
            <Field name="ima25" value="PCS"/>
            <Field name="imaud02" value="071BART"/>
            <Field name="ima08" value="P"/>
            <Field name="ima37" value="2"/>
            <Field name="ima921" value="N"/>
            <Field name="ima70" value="N"/>
          </Record>
        </Master>
      </RecordSet>
    </Document>
    <ParameterGroup>
      <Record>
        <Field name="seqkey" value="2103892491174646"/>
        <Field name="seq_tot_cnt" value="1"/>
        <Field name="seq_sub_cnt" value="1"/>
      </Record>
    </ParameterGroup>
  </RequestContent>
</Request>


[Response Service #153901978]
    '' end at 15:39:01.996

[Response Message #153901978]
<Response>
  <Execution>
    <Status code="aws-624" sqlcode="0" description="傳入的DataKey不存在於暫存資料表(wcf_file) ，請確認!"/>
  </Execution>
  <ResponseContent>
    <Parameter/>
    <Document/>
  </ResponseContent>
</Response>
#------------------------------------------------------------------------------#


#--------------------------- (2017-10-17 15:40:56) ----------------------------#
[Request Service #154056622]
    'CreatePLMTempTableData' begin at 15:40:56.622

[Request Message #154056622]
<Request>
  <Access>
    <Authentication user="tiptop" password=""></Authentication>
    <Connection application="PLM" source="10.0.2.8"></Connection>
    <Organization name="SHXK_STE"></Organization>
    <Locale language="zh_cn"></Locale>
  </Access>
  <RequestContent>
    <Parameter>
      <Record>
        <Field name="ws_name" value="CreateItemMasterData"></Field>
        <Field name="datakey" value="2104021558273537001"></Field>
        <Field name="tot_cnt" value="1"></Field>
        <Field name="sub_cnt" value="1"></Field>
        <Field name="status" value="Y"></Field>
      </Record>
    </Parameter>
    <Document>
      <RecordSet id="1">
        <Master name="ima_file">
          <Record>
            <Field name="ima01" value="8013-0198"></Field>
            <Field name="ima02" value="扎带标签(大号）"></Field>
            <Field name="ima06" value="8013"></Field>
            <Field name="ima021" value="IT 50 RD"></Field>
            <Field name="ima25" value="PCS"></Field>
            <Field name="imaud02" value="071BART"></Field>
            <Field name="ima08" value="P"></Field>
            <Field name="ima37" value="2"></Field>
            <Field name="ima921" value="N"></Field>
            <Field name="ima70" value="N"></Field>
          </Record>
        </Master>
      </RecordSet>
    </Document>
    <ParameterGroup>
      <Record>
        <Field name="seqkey" value="2104021558273537"></Field>
        <Field name="seq_tot_cnt" value="1"></Field>
        <Field name="seq_sub_cnt" value="1"></Field>
      </Record>
    </ParameterGroup>
  </RequestContent>
</Request>



[Response Service #154056622]
    'CreatePLMTempTableData' end at 15:40:56.941

[Response Message #154056622]
<Response>
  <Execution>
    <Status code="0" sqlcode="0" description=""/>
  </Execution>
  <ResponseContent>
    <Parameter/>
    <Document/>
  </ResponseContent>
</Response>
#------------------------------------------------------------------------------#


#--------------------------- (2017-10-17 15:40:57) ----------------------------#
[Request Service #154057666]
    'CreatePLMTempTableData' begin at 15:40:57.666

[Request Message #154057666]
<Request>
  <Access>
    <Authentication user="tiptop" password=""></Authentication>
    <Connection application="PLM" source="10.0.2.8"></Connection>
    <Organization name="SHXK"></Organization>
    <Locale language="zh_cn"></Locale>
  </Access>
  <RequestContent>
    <Parameter>
      <Record>
        <Field name="ws_name" value="CreateItemMasterData"></Field>
        <Field name="datakey" value="2104021551978254001"></Field>
        <Field name="tot_cnt" value="1"></Field>
        <Field name="sub_cnt" value="1"></Field>
        <Field name="status" value="Y"></Field>
      </Record>
    </Parameter>
    <Document>
      <RecordSet id="1">
        <Master name="ima_file">
          <Record>
            <Field name="ima01" value="8013-0198"></Field>
            <Field name="ima02" value="扎带标签(大号）"></Field>
            <Field name="ima06" value="8013"></Field>
            <Field name="ima021" value="IT 50 RD"></Field>
            <Field name="ima25" value="PCS"></Field>
            <Field name="imaud02" value="071BART"></Field>
            <Field name="ima08" value="P"></Field>
            <Field name="ima37" value="2"></Field>
            <Field name="ima921" value="N"></Field>
            <Field name="ima70" value="N"></Field>
          </Record>
        </Master>
      </RecordSet>
    </Document>
    <ParameterGroup>
      <Record>
        <Field name="seqkey" value="2104021551978254"></Field>
        <Field name="seq_tot_cnt" value="1"></Field>
        <Field name="seq_sub_cnt" value="1"></Field>
      </Record>
    </ParameterGroup>
  </RequestContent>
</Request>



[Response Service #154057666]
    'CreatePLMTempTableData' end at 15:40:57.851

[Response Message #154057666]
<Response>
  <Execution>
    <Status code="0" sqlcode="0" description=""/>
  </Execution>
  <ResponseContent>
    <Parameter/>
    <Document/>
  </ResponseContent>
</Response>
#------------------------------------------------------------------------------#


#--------------------------- (2017-10-17 15:40:58) ----------------------------#
[Request Service #154058336]
    '' begin at 15:40:58.336

[Request Message #154058336]
<Request>
  <Access>
    <Authentication user="tiptop" password=""/>
    <Connection application="PLM" source="10.0.2.8"/>
    <Organization name="SHXK_STE"/>
    <Locale language="zh_cn"/>
  </Access>
  <RequestContent>
    <Parameter>
      <Record>
        <Field name="ws_name" value="CreateItemMasterData"/>
        <Field name="datakey" value="2104021558273537001"/>
        <Field name="tot_cnt" value="1"/>
        <Field name="sub_cnt" value="1"/>
        <Field name="status" value="Y"/>
      </Record>
    </Parameter>
    <Document>
      <RecordSet id="1">
        <Master name="ima_file">
          <Record>
            <Field name="ima01" value="8013-0198"/>
            <Field name="ima02" value="扎带标签(大号）"/>
            <Field name="ima06" value="8013"/>
            <Field name="ima021" value="IT 50 RD"/>
            <Field name="ima25" value="PCS"/>
            <Field name="imaud02" value="071BART"/>
            <Field name="ima08" value="P"/>
            <Field name="ima37" value="2"/>
            <Field name="ima921" value="N"/>
            <Field name="ima70" value="N"/>
          </Record>
        </Master>
      </RecordSet>
    </Document>
    <ParameterGroup>
      <Record>
        <Field name="seqkey" value="2104021558273537"/>
        <Field name="seq_tot_cnt" value="1"/>
        <Field name="seq_sub_cnt" value="1"/>
      </Record>
    </ParameterGroup>
  </RequestContent>
</Request>


[Response Service #154058336]
    '' end at 15:40:58.353

[Response Message #154058336]
<Response>
  <Execution>
    <Status code="aws-624" sqlcode="0" description="傳入的DataKey不存在於暫存資料表(wcf_file) ，請確認!"/>
  </Execution>
  <ResponseContent>
    <Parameter/>
    <Document/>
  </ResponseContent>
</Response>
#------------------------------------------------------------------------------#


#--------------------------- (2017-10-17 15:40:59) ----------------------------#
[Request Service #154059232]
    '' begin at 15:40:59.232

[Request Message #154059232]
<Request>
  <Access>
    <Authentication user="tiptop" password=""/>
    <Connection application="PLM" source="10.0.2.8"/>
    <Organization name="SHXK"/>
    <Locale language="zh_cn"/>
  </Access>
  <RequestContent>
    <Parameter>
      <Record>
        <Field name="ws_name" value="CreateItemMasterData"/>
        <Field name="datakey" value="2104021551978254001"/>
        <Field name="tot_cnt" value="1"/>
        <Field name="sub_cnt" value="1"/>
        <Field name="status" value="Y"/>
      </Record>
    </Parameter>
    <Document>
      <RecordSet id="1">
        <Master name="ima_file">
          <Record>
            <Field name="ima01" value="8013-0198"/>
            <Field name="ima02" value="扎带标签(大号）"/>
            <Field name="ima06" value="8013"/>
            <Field name="ima021" value="IT 50 RD"/>
            <Field name="ima25" value="PCS"/>
            <Field name="imaud02" value="071BART"/>
            <Field name="ima08" value="P"/>
            <Field name="ima37" value="2"/>
            <Field name="ima921" value="N"/>
            <Field name="ima70" value="N"/>
          </Record>
        </Master>
      </RecordSet>
    </Document>
    <ParameterGroup>
      <Record>
        <Field name="seqkey" value="2104021551978254"/>
        <Field name="seq_tot_cnt" value="1"/>
        <Field name="seq_sub_cnt" value="1"/>
      </Record>
    </ParameterGroup>
  </RequestContent>
</Request>


[Response Service #154059232]
    '' end at 15:40:59.249

[Response Message #154059232]
<Response>
  <Execution>
    <Status code="aws-624" sqlcode="0" description="傳入的DataKey不存在於暫存資料表(wcf_file) ，請確認!"/>
  </Execution>
  <ResponseContent>
    <Parameter/>
    <Document/>
  </ResponseContent>
</Response>
#------------------------------------------------------------------------------#


#--------------------------- (2017-10-17 15:48:29) ----------------------------#
[Request Service #154829553]
    'CreatePLMTempTableData' begin at 15:48:29.553

[Request Message #154829553]
<Request>
  <Access>
    <Authentication user="tiptop" password=""></Authentication>
    <Connection application="PLM" source="10.0.2.8"></Connection>
    <Organization name="SHXK_STE"></Organization>
    <Locale language="zh_cn"></Locale>
  </Access>
  <RequestContent>
    <Parameter>
      <Record>
        <Field name="ws_name" value="CreateItemMasterData"></Field>
        <Field name="datakey" value="2104459992908596001"></Field>
        <Field name="tot_cnt" value="1"></Field>
        <Field name="sub_cnt" value="1"></Field>
        <Field name="status" value="Y"></Field>
      </Record>
    </Parameter>
    <Document>
      <RecordSet id="1">
        <Master name="ima_file">
          <Record>
            <Field name="ima01" value="9910-8000-2204"></Field>
            <Field name="ima02" value="SACU-PECU接口和控制器模块"></Field>
            <Field name="ima06" value="99XX"></Field>
            <Field name="ima021" value=""></Field>
            <Field name="ima25" value="PCS"></Field>
            <Field name="imaud02" value="GZL3"></Field>
            <Field name="ima08" value="M"></Field>
            <Field name="ima37" value="2"></Field>
            <Field name="ima921" value="N"></Field>
            <Field name="ima70" value="N"></Field>
          </Record>
        </Master>
      </RecordSet>
    </Document>
    <ParameterGroup>
      <Record>
        <Field name="seqkey" value="2104459992908596"></Field>
        <Field name="seq_tot_cnt" value="1"></Field>
        <Field name="seq_sub_cnt" value="1"></Field>
      </Record>
    </ParameterGroup>
  </RequestContent>
</Request>



[Response Service #154829553]
    'CreatePLMTempTableData' end at 15:48:29.711

[Response Message #154829553]
<Response>
  <Execution>
    <Status code="0" sqlcode="0" description=""/>
  </Execution>
  <ResponseContent>
    <Parameter/>
    <Document/>
  </ResponseContent>
</Response>
#------------------------------------------------------------------------------#


#--------------------------- (2017-10-17 15:48:30) ----------------------------#
[Request Service #154830837]
    '' begin at 15:48:30.837

[Request Message #154830837]
<Request>
  <Access>
    <Authentication user="tiptop" password=""/>
    <Connection application="PLM" source="10.0.2.8"/>
    <Organization name="SHXK_STE"/>
    <Locale language="zh_cn"/>
  </Access>
  <RequestContent>
    <Parameter>
      <Record>
        <Field name="ws_name" value="CreateItemMasterData"/>
        <Field name="datakey" value="2104459992908596001"/>
        <Field name="tot_cnt" value="1"/>
        <Field name="sub_cnt" value="1"/>
        <Field name="status" value="Y"/>
      </Record>
    </Parameter>
    <Document>
      <RecordSet id="1">
        <Master name="ima_file">
          <Record>
            <Field name="ima01" value="9910-8000-2204"/>
            <Field name="ima02" value="SACU-PECU接口和控制器模块"/>
            <Field name="ima06" value="99XX"/>
            <Field name="ima021" value=""/>
            <Field name="ima25" value="PCS"/>
            <Field name="imaud02" value="GZL3"/>
            <Field name="ima08" value="M"/>
            <Field name="ima37" value="2"/>
            <Field name="ima921" value="N"/>
            <Field name="ima70" value="N"/>
          </Record>
        </Master>
      </RecordSet>
    </Document>
    <ParameterGroup>
      <Record>
        <Field name="seqkey" value="2104459992908596"/>
        <Field name="seq_tot_cnt" value="1"/>
        <Field name="seq_sub_cnt" value="1"/>
      </Record>
    </ParameterGroup>
  </RequestContent>
</Request>


[Response Service #154830837]
    '' end at 15:48:30.854

[Response Message #154830837]
<Response>
  <Execution>
    <Status code="aws-624" sqlcode="0" description="傳入的DataKey不存在於暫存資料表(wcf_file) ，請確認!"/>
  </Execution>
  <ResponseContent>
    <Parameter/>
    <Document/>
  </ResponseContent>
</Response>
#------------------------------------------------------------------------------#


#--------------------------- (2017-10-17 16:44:26) ----------------------------#
[Request Service #164426628]
    'CreatePLMTempTableData' begin at 16:44:26.628

[Request Message #164426628]
<Request>
  <Access>
    <Authentication user="tiptop" password=""></Authentication>
    <Connection application="PLM" source="10.0.2.8"></Connection>
    <Organization name="SHXK_STE"></Organization>
    <Locale language="zh_cn"></Locale>
  </Access>
  <RequestContent>
    <Parameter>
      <Record>
        <Field name="ws_name" value="CreateItemMasterData"></Field>
        <Field name="datakey" value="2107831307684985001"></Field>
        <Field name="tot_cnt" value="1"></Field>
        <Field name="sub_cnt" value="1"></Field>
        <Field name="status" value="Y"></Field>
      </Record>
    </Parameter>
    <Document>
      <RecordSet id="1">
        <Master name="ima_file">
          <Record>
            <Field name="ima01" value="8013-0198"></Field>
            <Field name="ima02" value="扎带标签(大号）"></Field>
            <Field name="ima06" value="8013"></Field>
            <Field name="ima021" value="IT 50 RT"></Field>
            <Field name="ima25" value="PCS"></Field>
            <Field name="imaud02" value="071BART"></Field>
            <Field name="ima08" value="P"></Field>
            <Field name="ima37" value="2"></Field>
            <Field name="ima921" value="N"></Field>
            <Field name="ima70" value="N"></Field>
          </Record>
        </Master>
      </RecordSet>
    </Document>
    <ParameterGroup>
      <Record>
        <Field name="seqkey" value="2107831307684985"></Field>
        <Field name="seq_tot_cnt" value="1"></Field>
        <Field name="seq_sub_cnt" value="1"></Field>
      </Record>
    </ParameterGroup>
  </RequestContent>
</Request>



[Response Service #164426628]
    'CreatePLMTempTableData' end at 16:44:26.948

[Response Message #164426628]
<Response>
  <Execution>
    <Status code="0" sqlcode="0" description=""/>
  </Execution>
  <ResponseContent>
    <Parameter/>
    <Document/>
  </ResponseContent>
</Response>
#------------------------------------------------------------------------------#


#--------------------------- (2017-10-17 16:44:27) ----------------------------#
[Request Service #164427630]
    'CreatePLMTempTableData' begin at 16:44:27.630

[Request Message #164427630]
<Request>
  <Access>
    <Authentication user="tiptop" password=""></Authentication>
    <Connection application="PLM" source="10.0.2.8"></Connection>
    <Organization name="SHXK"></Organization>
    <Locale language="zh_cn"></Locale>
  </Access>
  <RequestContent>
    <Parameter>
      <Record>
        <Field name="ws_name" value="CreateItemMasterData"></Field>
        <Field name="datakey" value="2107831301404229001"></Field>
        <Field name="tot_cnt" value="1"></Field>
        <Field name="sub_cnt" value="1"></Field>
        <Field name="status" value="Y"></Field>
      </Record>
    </Parameter>
    <Document>
      <RecordSet id="1">
        <Master name="ima_file">
          <Record>
            <Field name="ima01" value="8013-0198"></Field>
            <Field name="ima02" value="扎带标签(大号）"></Field>
            <Field name="ima06" value="8013"></Field>
            <Field name="ima021" value="IT 50 RT"></Field>
            <Field name="ima25" value="PCS"></Field>
            <Field name="imaud02" value="071BART"></Field>
            <Field name="ima08" value="P"></Field>
            <Field name="ima37" value="2"></Field>
            <Field name="ima921" value="N"></Field>
            <Field name="ima70" value="N"></Field>
          </Record>
        </Master>
      </RecordSet>
    </Document>
    <ParameterGroup>
      <Record>
        <Field name="seqkey" value="2107831301404229"></Field>
        <Field name="seq_tot_cnt" value="1"></Field>
        <Field name="seq_sub_cnt" value="1"></Field>
      </Record>
    </ParameterGroup>
  </RequestContent>
</Request>



[Response Service #164427630]
    'CreatePLMTempTableData' end at 16:44:28.042

[Response Message #164427630]
<Response>
  <Execution>
    <Status code="0" sqlcode="0" description=""/>
  </Execution>
  <ResponseContent>
    <Parameter/>
    <Document/>
  </ResponseContent>
</Response>
#------------------------------------------------------------------------------#


#--------------------------- (2017-10-17 16:44:28) ----------------------------#
[Request Service #164428677]
    '' begin at 16:44:28.677

[Request Message #164428677]
<Request>
  <Access>
    <Authentication user="tiptop" password=""/>
    <Connection application="PLM" source="10.0.2.8"/>
    <Organization name="SHXK_STE"/>
    <Locale language="zh_cn"/>
  </Access>
  <RequestContent>
    <Parameter>
      <Record>
        <Field name="ws_name" value="CreateItemMasterData"/>
        <Field name="datakey" value="2107831307684985001"/>
        <Field name="tot_cnt" value="1"/>
        <Field name="sub_cnt" value="1"/>
        <Field name="status" value="Y"/>
      </Record>
    </Parameter>
    <Document>
      <RecordSet id="1">
        <Master name="ima_file">
          <Record>
            <Field name="ima01" value="8013-0198"/>
            <Field name="ima02" value="扎带标签(大号）"/>
            <Field name="ima06" value="8013"/>
            <Field name="ima021" value="IT 50 RT"/>
            <Field name="ima25" value="PCS"/>
            <Field name="imaud02" value="071BART"/>
            <Field name="ima08" value="P"/>
            <Field name="ima37" value="2"/>
            <Field name="ima921" value="N"/>
            <Field name="ima70" value="N"/>
          </Record>
        </Master>
      </RecordSet>
    </Document>
    <ParameterGroup>
      <Record>
        <Field name="seqkey" value="2107831307684985"/>
        <Field name="seq_tot_cnt" value="1"/>
        <Field name="seq_sub_cnt" value="1"/>
      </Record>
    </ParameterGroup>
  </RequestContent>
</Request>


[Response Service #164428677]
    '' end at 16:44:28.693

[Response Message #164428677]
<Response>
  <Execution>
    <Status code="aws-624" sqlcode="0" description="傳入的DataKey不存在於暫存資料表(wcf_file) ，請確認!"/>
  </Execution>
  <ResponseContent>
    <Parameter/>
    <Document/>
  </ResponseContent>
</Response>
#------------------------------------------------------------------------------#


#--------------------------- (2017-10-17 16:44:29) ----------------------------#
[Request Service #164429378]
    '' begin at 16:44:29.378

[Request Message #164429378]
<Request>
  <Access>
    <Authentication user="tiptop" password=""/>
    <Connection application="PLM" source="10.0.2.8"/>
    <Organization name="SHXK"/>
    <Locale language="zh_cn"/>
  </Access>
  <RequestContent>
    <Parameter>
      <Record>
        <Field name="ws_name" value="CreateItemMasterData"/>
        <Field name="datakey" value="2107831301404229001"/>
        <Field name="tot_cnt" value="1"/>
        <Field name="sub_cnt" value="1"/>
        <Field name="status" value="Y"/>
      </Record>
    </Parameter>
    <Document>
      <RecordSet id="1">
        <Master name="ima_file">
          <Record>
            <Field name="ima01" value="8013-0198"/>
            <Field name="ima02" value="扎带标签(大号）"/>
            <Field name="ima06" value="8013"/>
            <Field name="ima021" value="IT 50 RT"/>
            <Field name="ima25" value="PCS"/>
            <Field name="imaud02" value="071BART"/>
            <Field name="ima08" value="P"/>
            <Field name="ima37" value="2"/>
            <Field name="ima921" value="N"/>
            <Field name="ima70" value="N"/>
          </Record>
        </Master>
      </RecordSet>
    </Document>
    <ParameterGroup>
      <Record>
        <Field name="seqkey" value="2107831301404229"/>
        <Field name="seq_tot_cnt" value="1"/>
        <Field name="seq_sub_cnt" value="1"/>
      </Record>
    </ParameterGroup>
  </RequestContent>
</Request>


[Response Service #164429378]
    '' end at 16:44:29.395

[Response Message #164429378]
<Response>
  <Execution>
    <Status code="aws-624" sqlcode="0" description="傳入的DataKey不存在於暫存資料表(wcf_file) ，請確認!"/>
  </Execution>
  <ResponseContent>
    <Parameter/>
    <Document/>
  </ResponseContent>
</Response>
#------------------------------------------------------------------------------#


#--------------------------- (2017-10-17 17:35:59) ----------------------------#
[Request Service #173559296]
    'CreatePLMTempTableData' begin at 17:35:59.296

[Request Message #173559296]
<Request>
  <Access>
    <Authentication user="tiptop" password=""></Authentication>
    <Connection application="PLM" source="10.0.2.8"></Connection>
    <Organization name="SHXK"></Organization>
    <Locale language="zh_cn"></Locale>
  </Access>
  <RequestContent>
    <Parameter>
      <Record>
        <Field name="ws_name" value="CreateItemMasterData"></Field>
        <Field name="datakey" value="2110911095071859001"></Field>
        <Field name="tot_cnt" value="1"></Field>
        <Field name="sub_cnt" value="1"></Field>
        <Field name="status" value="Y"></Field>
      </Record>
    </Parameter>
    <Document>
      <RecordSet id="1">
        <Master name="ima_file">
          <Record>
            <Field name="ima01" value="8028-0132"></Field>
            <Field name="ima02" value="MAU组装零件套件"></Field>
            <Field name="ima06" value="8028"></Field>
            <Field name="ima021" value=""></Field>
            <Field name="ima25" value="PCS"></Field>
            <Field name="imaud02" value=""></Field>
            <Field name="ima08" value="M"></Field>
            <Field name="ima37" value="2"></Field>
            <Field name="ima921" value="N"></Field>
            <Field name="ima70" value="N"></Field>
          </Record>
        </Master>
      </RecordSet>
    </Document>
    <ParameterGroup>
      <Record>
        <Field name="seqkey" value="2110911095071859"></Field>
        <Field name="seq_tot_cnt" value="1"></Field>
        <Field name="seq_sub_cnt" value="1"></Field>
      </Record>
    </ParameterGroup>
  </RequestContent>
</Request>



[Response Service #173559296]
    'CreatePLMTempTableData' end at 17:35:59.472

[Response Message #173559296]
<Response>
  <Execution>
    <Status code="0" sqlcode="0" description=""/>
  </Execution>
  <ResponseContent>
    <Parameter/>
    <Document/>
  </ResponseContent>
</Response>
#------------------------------------------------------------------------------#


#--------------------------- (2017-10-17 17:36:00) ----------------------------#
[Request Service #173600363]
    'CreatePLMTempTableData' begin at 17:36:00.363

[Request Message #173600363]
<Request>
  <Access>
    <Authentication user="tiptop" password=""></Authentication>
    <Connection application="PLM" source="10.0.2.8"></Connection>
    <Organization name="SHXK_STE"></Organization>
    <Locale language="zh_cn"></Locale>
  </Access>
  <RequestContent>
    <Parameter>
      <Record>
        <Field name="ws_name" value="CreateItemMasterData"></Field>
        <Field name="datakey" value="2110911111806668001"></Field>
        <Field name="tot_cnt" value="1"></Field>
        <Field name="sub_cnt" value="1"></Field>
        <Field name="status" value="Y"></Field>
      </Record>
    </Parameter>
    <Document>
      <RecordSet id="1">
        <Master name="ima_file">
          <Record>
            <Field name="ima01" value="8028-0132"></Field>
            <Field name="ima02" value="MAU组装零件套件"></Field>
            <Field name="ima06" value="8028"></Field>
            <Field name="ima021" value=""></Field>
            <Field name="ima25" value="PCS"></Field>
            <Field name="imaud02" value=""></Field>
            <Field name="ima08" value="M"></Field>
            <Field name="ima37" value="2"></Field>
            <Field name="ima921" value="N"></Field>
            <Field name="ima70" value="N"></Field>
          </Record>
        </Master>
      </RecordSet>
    </Document>
    <ParameterGroup>
      <Record>
        <Field name="seqkey" value="2110911111806668"></Field>
        <Field name="seq_tot_cnt" value="1"></Field>
        <Field name="seq_sub_cnt" value="1"></Field>
      </Record>
    </ParameterGroup>
  </RequestContent>
</Request>



[Response Service #173600363]
    'CreatePLMTempTableData' end at 17:36:00.518

[Response Message #173600363]
<Response>
  <Execution>
    <Status code="0" sqlcode="0" description=""/>
  </Execution>
  <ResponseContent>
    <Parameter/>
    <Document/>
  </ResponseContent>
</Response>
#------------------------------------------------------------------------------#


#--------------------------- (2017-10-17 17:36:00) ----------------------------#
[Request Service #173600790]
    '' begin at 17:36:00.790

[Request Message #173600790]
<Request>
  <Access>
    <Authentication user="tiptop" password=""/>
    <Connection application="PLM" source="10.0.2.8"/>
    <Organization name="SHXK"/>
    <Locale language="zh_cn"/>
  </Access>
  <RequestContent>
    <Parameter>
      <Record>
        <Field name="ws_name" value="CreateItemMasterData"/>
        <Field name="datakey" value="2110911095071859001"/>
        <Field name="tot_cnt" value="1"/>
        <Field name="sub_cnt" value="1"/>
        <Field name="status" value="Y"/>
      </Record>
    </Parameter>
    <Document>
      <RecordSet id="1">
        <Master name="ima_file">
          <Record>
            <Field name="ima01" value="8028-0132"/>
            <Field name="ima02" value="MAU组装零件套件"/>
            <Field name="ima06" value="8028"/>
            <Field name="ima021" value=""/>
            <Field name="ima25" value="PCS"/>
            <Field name="imaud02" value=""/>
            <Field name="ima08" value="M"/>
            <Field name="ima37" value="2"/>
            <Field name="ima921" value="N"/>
            <Field name="ima70" value="N"/>
          </Record>
        </Master>
      </RecordSet>
    </Document>
    <ParameterGroup>
      <Record>
        <Field name="seqkey" value="2110911095071859"/>
        <Field name="seq_tot_cnt" value="1"/>
        <Field name="seq_sub_cnt" value="1"/>
      </Record>
    </ParameterGroup>
  </RequestContent>
</Request>


[Response Service #173600790]
    '' end at 17:36:00.807

[Response Message #173600790]
<Response>
  <Execution>
    <Status code="aws-624" sqlcode="0" description="傳入的DataKey不存在於暫存資料表(wcf_file) ，請確認!"/>
  </Execution>
  <ResponseContent>
    <Parameter/>
    <Document/>
  </ResponseContent>
</Response>
#------------------------------------------------------------------------------#


#--------------------------- (2017-10-17 17:36:01) ----------------------------#
[Request Service #173601804]
    '' begin at 17:36:01.804

[Request Message #173601804]
<Request>
  <Access>
    <Authentication user="tiptop" password=""/>
    <Connection application="PLM" source="10.0.2.8"/>
    <Organization name="SHXK_STE"/>
    <Locale language="zh_cn"/>
  </Access>
  <RequestContent>
    <Parameter>
      <Record>
        <Field name="ws_name" value="CreateItemMasterData"/>
        <Field name="datakey" value="2110911111806668001"/>
        <Field name="tot_cnt" value="1"/>
        <Field name="sub_cnt" value="1"/>
        <Field name="status" value="Y"/>
      </Record>
    </Parameter>
    <Document>
      <RecordSet id="1">
        <Master name="ima_file">
          <Record>
            <Field name="ima01" value="8028-0132"/>
            <Field name="ima02" value="MAU组装零件套件"/>
            <Field name="ima06" value="8028"/>
            <Field name="ima021" value=""/>
            <Field name="ima25" value="PCS"/>
            <Field name="imaud02" value=""/>
            <Field name="ima08" value="M"/>
            <Field name="ima37" value="2"/>
            <Field name="ima921" value="N"/>
            <Field name="ima70" value="N"/>
          </Record>
        </Master>
      </RecordSet>
    </Document>
    <ParameterGroup>
      <Record>
        <Field name="seqkey" value="2110911111806668"/>
        <Field name="seq_tot_cnt" value="1"/>
        <Field name="seq_sub_cnt" value="1"/>
      </Record>
    </ParameterGroup>
  </RequestContent>
</Request>


[Response Service #173601804]
    '' end at 17:36:01.820

[Response Message #173601804]
<Response>
  <Execution>
    <Status code="aws-624" sqlcode="0" description="傳入的DataKey不存在於暫存資料表(wcf_file) ，請確認!"/>
  </Execution>
  <ResponseContent>
    <Parameter/>
    <Document/>
  </ResponseContent>
</Response>
#------------------------------------------------------------------------------#


